<?xml version="1.0" encoding="UTF-8"?>
<!-- Generated by org.testng.reporters.JUnitXMLReporter -->
<testsuite ignored="0" hostname="LAPTOP-CVR9HVBP" failures="0" tests="4" name="Default test" time="279.3" errors="0" timestamp="2020-03-25T11:54:22 IST">
  <testcase classname="TESTCASES.task_firefox" name="f" time="14.237"/>
  <testcase classname="TESTCASES.task_firefox" name="f" time="69.295"/>
  <testcase classname="TESTCASES.task_firefox" name="f" time="34.017"/>
  <testcase classname="TESTCASES.task_firefox" name="f" time="25.903"/>
</testsuite> <!-- Default test -->
