<?xml version="1.0" encoding="UTF-8"?>
<testng-results ignored="0" total="4" passed="4" failed="0" skipped="0">
  <reporter-output>
  </reporter-output>
  <suite started-at="2020-03-25T11:49:43 IST" name="Default suite" finished-at="2020-03-25T11:54:22 IST" duration-ms="279300">
    <groups>
    </groups>
    <test started-at="2020-03-25T11:49:43 IST" name="Default test" finished-at="2020-03-25T11:54:22 IST" duration-ms="279300">
      <class name="TESTCASES.task_firefox">
        <test-method is-config="true" signature="beforeMethod()[pri:0, instance:TESTCASES.task_firefox@2b6faea6]" started-at="2020-03-25T11:49:46 IST" name="beforeMethod" finished-at="2020-03-25T11:50:26 IST" duration-ms="39387" status="PASS">
          <reporter-output>
          </reporter-output>
        </test-method> <!-- beforeMethod -->
        <test-method signature="f(java.lang.String, java.lang.String, java.lang.String)[pri:0, instance:TESTCASES.task_firefox@2b6faea6]" started-at="2020-03-25T11:50:26 IST" name="f" data-provider="dp" finished-at="2020-03-25T11:50:40 IST" duration-ms="14237" status="PASS">
          <params>
            <param index="0">
              <value>
                <![CDATA[admin]]>
              </value>
            </param>
            <param index="1">
              <value>
                <![CDATA[admin]]>
              </value>
            </param>
            <param index="2">
              <value>
                <![CDATA[Logout]]>
              </value>
            </param>
          </params>
          <reporter-output>
          </reporter-output>
        </test-method> <!-- f -->
        <test-method is-config="true" signature="afterMethod()[pri:0, instance:TESTCASES.task_firefox@2b6faea6]" started-at="2020-03-25T11:50:40 IST" name="afterMethod" finished-at="2020-03-25T11:50:48 IST" duration-ms="7792" status="PASS">
          <reporter-output>
          </reporter-output>
        </test-method> <!-- afterMethod -->
        <test-method is-config="true" signature="beforeMethod()[pri:0, instance:TESTCASES.task_firefox@2b6faea6]" started-at="2020-03-25T11:50:48 IST" name="beforeMethod" finished-at="2020-03-25T11:51:16 IST" duration-ms="28366" status="PASS">
          <reporter-output>
          </reporter-output>
        </test-method> <!-- beforeMethod -->
        <test-method signature="f(java.lang.String, java.lang.String, java.lang.String)[pri:0, instance:TESTCASES.task_firefox@2b6faea6]" started-at="2020-03-25T11:51:16 IST" name="f" data-provider="dp" finished-at="2020-03-25T11:52:26 IST" duration-ms="69295" status="PASS">
          <params>
            <param index="0">
              <value>
                <![CDATA[vinay]]>
              </value>
            </param>
            <param index="1">
              <value>
                <![CDATA[vinay]]>
              </value>
            </param>
            <param index="2">
              <value>
                <![CDATA[Login or Password is incorrect.]]>
              </value>
            </param>
          </params>
          <reporter-output>
          </reporter-output>
        </test-method> <!-- f -->
        <test-method is-config="true" signature="afterMethod()[pri:0, instance:TESTCASES.task_firefox@2b6faea6]" started-at="2020-03-25T11:52:26 IST" name="afterMethod" finished-at="2020-03-25T11:52:30 IST" duration-ms="4007" status="PASS">
          <reporter-output>
          </reporter-output>
        </test-method> <!-- afterMethod -->
        <test-method is-config="true" signature="beforeMethod()[pri:0, instance:TESTCASES.task_firefox@2b6faea6]" started-at="2020-03-25T11:52:30 IST" name="beforeMethod" finished-at="2020-03-25T11:52:54 IST" duration-ms="24769" status="PASS">
          <reporter-output>
          </reporter-output>
        </test-method> <!-- beforeMethod -->
        <test-method signature="f(java.lang.String, java.lang.String, java.lang.String)[pri:0, instance:TESTCASES.task_firefox@2b6faea6]" started-at="2020-03-25T11:52:54 IST" name="f" data-provider="dp" finished-at="2020-03-25T11:53:28 IST" duration-ms="34017" status="PASS">
          <params>
            <param index="0">
              <value>
                <![CDATA[blank]]>
              </value>
            </param>
            <param index="1">
              <value>
                <![CDATA[blank]]>
              </value>
            </param>
            <param index="2">
              <value>
                <![CDATA[The value in field login is required.
The value in field password is required.]]>
              </value>
            </param>
          </params>
          <reporter-output>
          </reporter-output>
        </test-method> <!-- f -->
        <test-method is-config="true" signature="afterMethod()[pri:0, instance:TESTCASES.task_firefox@2b6faea6]" started-at="2020-03-25T11:53:28 IST" name="afterMethod" finished-at="2020-03-25T11:53:33 IST" duration-ms="4324" status="PASS">
          <reporter-output>
          </reporter-output>
        </test-method> <!-- afterMethod -->
        <test-method is-config="true" signature="beforeMethod()[pri:0, instance:TESTCASES.task_firefox@2b6faea6]" started-at="2020-03-25T11:53:33 IST" name="beforeMethod" finished-at="2020-03-25T11:53:51 IST" duration-ms="18420" status="PASS">
          <reporter-output>
          </reporter-output>
        </test-method> <!-- beforeMethod -->
        <test-method signature="f(java.lang.String, java.lang.String, java.lang.String)[pri:0, instance:TESTCASES.task_firefox@2b6faea6]" started-at="2020-03-25T11:53:51 IST" name="f" data-provider="dp" finished-at="2020-03-25T11:54:17 IST" duration-ms="25903" status="PASS">
          <params>
            <param index="0">
              <value>
                <![CDATA[admin]]>
              </value>
            </param>
            <param index="1">
              <value>
                <![CDATA[blank]]>
              </value>
            </param>
            <param index="2">
              <value>
                <![CDATA[The value in field password is required.]]>
              </value>
            </param>
          </params>
          <reporter-output>
          </reporter-output>
        </test-method> <!-- f -->
        <test-method is-config="true" signature="afterMethod()[pri:0, instance:TESTCASES.task_firefox@2b6faea6]" started-at="2020-03-25T11:54:17 IST" name="afterMethod" finished-at="2020-03-25T11:54:22 IST" duration-ms="5124" status="PASS">
          <reporter-output>
          </reporter-output>
        </test-method> <!-- afterMethod -->
      </class> <!-- TESTCASES.task_firefox -->
    </test> <!-- Default test -->
  </suite> <!-- Default suite -->
</testng-results>
